09-Dec-2019 22:50:18.705 INFO [main] org.apache.catalina.startup.VersionLoggerListener.log Server version name:   Apache Tomcat/9.0.29
09-Dec-2019 22:50:18.709 INFO [main] org.apache.catalina.startup.VersionLoggerListener.log Server built:          Nov 16 2019 17:29:07 UTC
09-Dec-2019 22:50:18.709 INFO [main] org.apache.catalina.startup.VersionLoggerListener.log Server version number: 9.0.29.0
09-Dec-2019 22:50:18.710 INFO [main] org.apache.catalina.startup.VersionLoggerListener.log OS Name:               Mac OS X
09-Dec-2019 22:50:18.710 INFO [main] org.apache.catalina.startup.VersionLoggerListener.log OS Version:            10.15.1
09-Dec-2019 22:50:18.710 INFO [main] org.apache.catalina.startup.VersionLoggerListener.log Architecture:          x86_64
09-Dec-2019 22:50:18.710 INFO [main] org.apache.catalina.startup.VersionLoggerListener.log Java Home:             /Library/Java/JavaVirtualMachines/openjdk-11.0.2.jdk/Contents/Home
09-Dec-2019 22:50:18.710 INFO [main] org.apache.catalina.startup.VersionLoggerListener.log JVM Version:           11.0.2+9
09-Dec-2019 22:50:18.710 INFO [main] org.apache.catalina.startup.VersionLoggerListener.log JVM Vendor:            Oracle Corporation
09-Dec-2019 22:50:18.710 INFO [main] org.apache.catalina.startup.VersionLoggerListener.log CATALINA_BASE:         /Users/weitingtan/Documents/DB_Project/tomcat
09-Dec-2019 22:50:18.710 INFO [main] org.apache.catalina.startup.VersionLoggerListener.log CATALINA_HOME:         /Users/weitingtan/Documents/DB_Project/tomcat
09-Dec-2019 22:50:18.738 INFO [main] org.apache.catalina.startup.VersionLoggerListener.log Command line argument: --add-opens=java.base/java.lang=ALL-UNNAMED
09-Dec-2019 22:50:18.738 INFO [main] org.apache.catalina.startup.VersionLoggerListener.log Command line argument: --add-opens=java.base/java.io=ALL-UNNAMED
09-Dec-2019 22:50:18.738 INFO [main] org.apache.catalina.startup.VersionLoggerListener.log Command line argument: --add-opens=java.rmi/sun.rmi.transport=ALL-UNNAMED
09-Dec-2019 22:50:18.739 INFO [main] org.apache.catalina.startup.VersionLoggerListener.log Command line argument: -Djava.util.logging.config.file=/Users/weitingtan/Documents/DB_Project/tomcat/conf/logging.properties
09-Dec-2019 22:50:18.739 INFO [main] org.apache.catalina.startup.VersionLoggerListener.log Command line argument: -Djava.util.logging.manager=org.apache.juli.ClassLoaderLogManager
09-Dec-2019 22:50:18.739 INFO [main] org.apache.catalina.startup.VersionLoggerListener.log Command line argument: -Djdk.tls.ephemeralDHKeySize=2048
09-Dec-2019 22:50:18.739 INFO [main] org.apache.catalina.startup.VersionLoggerListener.log Command line argument: -Djava.protocol.handler.pkgs=org.apache.catalina.webresources
09-Dec-2019 22:50:18.740 INFO [main] org.apache.catalina.startup.VersionLoggerListener.log Command line argument: -Dorg.apache.catalina.security.SecurityListener.UMASK=0027
09-Dec-2019 22:50:18.740 INFO [main] org.apache.catalina.startup.VersionLoggerListener.log Command line argument: -Dignore.endorsed.dirs=
09-Dec-2019 22:50:18.740 INFO [main] org.apache.catalina.startup.VersionLoggerListener.log Command line argument: -Dcatalina.base=/Users/weitingtan/Documents/DB_Project/tomcat
09-Dec-2019 22:50:18.740 INFO [main] org.apache.catalina.startup.VersionLoggerListener.log Command line argument: -Dcatalina.home=/Users/weitingtan/Documents/DB_Project/tomcat
09-Dec-2019 22:50:18.740 INFO [main] org.apache.catalina.startup.VersionLoggerListener.log Command line argument: -Djava.io.tmpdir=/Users/weitingtan/Documents/DB_Project/tomcat/temp
09-Dec-2019 22:50:18.740 INFO [main] org.apache.catalina.core.AprLifecycleListener.lifecycleEvent The APR based Apache Tomcat Native library which allows optimal performance in production environments was not found on the java.library.path: [/Users/weitingtan/Library/Java/Extensions:/Library/Java/Extensions:/Network/Library/Java/Extensions:/System/Library/Java/Extensions:/usr/lib/java:.]
09-Dec-2019 22:50:19.024 INFO [main] org.apache.coyote.AbstractProtocol.init Initializing ProtocolHandler ["http-nio-9999"]
09-Dec-2019 22:50:19.065 INFO [main] org.apache.coyote.AbstractProtocol.init Initializing ProtocolHandler ["ajp-nio-8009"]
09-Dec-2019 22:50:19.068 INFO [main] org.apache.catalina.startup.Catalina.load Server initialization in [612] milliseconds
09-Dec-2019 22:50:19.121 INFO [main] org.apache.catalina.core.StandardService.startInternal Starting service [Catalina]
09-Dec-2019 22:50:19.121 INFO [main] org.apache.catalina.core.StandardEngine.startInternal Starting Servlet engine: [Apache Tomcat/9.0.29]
09-Dec-2019 22:50:19.132 INFO [main] org.apache.catalina.startup.HostConfig.deployDirectory Deploying web application directory [/Users/weitingtan/Documents/DB_Project/tomcat/webapps/docs]
09-Dec-2019 22:50:19.391 INFO [main] org.apache.catalina.startup.HostConfig.deployDirectory Deployment of web application directory [/Users/weitingtan/Documents/DB_Project/tomcat/webapps/docs] has finished in [259] ms
09-Dec-2019 22:50:19.391 INFO [main] org.apache.catalina.startup.HostConfig.deployDirectory Deploying web application directory [/Users/weitingtan/Documents/DB_Project/tomcat/webapps/manager]
09-Dec-2019 22:50:19.421 INFO [main] org.apache.catalina.startup.HostConfig.deployDirectory Deployment of web application directory [/Users/weitingtan/Documents/DB_Project/tomcat/webapps/manager] has finished in [30] ms
09-Dec-2019 22:50:19.422 INFO [main] org.apache.catalina.startup.HostConfig.deployDirectory Deploying web application directory [/Users/weitingtan/Documents/DB_Project/tomcat/webapps/examples]
09-Dec-2019 22:50:19.682 INFO [main] org.apache.catalina.startup.HostConfig.deployDirectory Deployment of web application directory [/Users/weitingtan/Documents/DB_Project/tomcat/webapps/examples] has finished in [261] ms
09-Dec-2019 22:50:19.682 INFO [main] org.apache.catalina.startup.HostConfig.deployDirectory Deploying web application directory [/Users/weitingtan/Documents/DB_Project/tomcat/webapps/ROOT]
09-Dec-2019 22:50:19.696 INFO [main] org.apache.catalina.startup.HostConfig.deployDirectory Deployment of web application directory [/Users/weitingtan/Documents/DB_Project/tomcat/webapps/ROOT] has finished in [14] ms
09-Dec-2019 22:50:19.697 INFO [main] org.apache.catalina.startup.HostConfig.deployDirectory Deploying web application directory [/Users/weitingtan/Documents/DB_Project/tomcat/webapps/host-manager]
09-Dec-2019 22:50:19.716 INFO [main] org.apache.catalina.startup.HostConfig.deployDirectory Deployment of web application directory [/Users/weitingtan/Documents/DB_Project/tomcat/webapps/host-manager] has finished in [20] ms
09-Dec-2019 22:50:19.722 INFO [main] org.apache.coyote.AbstractProtocol.start Starting ProtocolHandler ["http-nio-9999"]
09-Dec-2019 22:50:19.729 INFO [main] org.apache.coyote.AbstractProtocol.start Starting ProtocolHandler ["ajp-nio-8009"]
09-Dec-2019 22:50:19.732 INFO [main] org.apache.catalina.startup.Catalina.start Server startup in [664] milliseconds
09-Dec-2019 22:51:19.789 INFO [Catalina-utility-1] org.apache.catalina.startup.HostConfig.deployDirectory Deploying web application directory [/Users/weitingtan/Documents/DB_Project/tomcat/webapps/hello]
09-Dec-2019 22:51:19.831 INFO [Catalina-utility-1] org.apache.catalina.startup.HostConfig.deployDirectory Deployment of web application directory [/Users/weitingtan/Documents/DB_Project/tomcat/webapps/hello] has finished in [43] ms
09-Dec-2019 22:57:33.837 INFO [Thread-4] org.apache.coyote.AbstractProtocol.pause Pausing ProtocolHandler ["http-nio-9999"]
09-Dec-2019 22:57:33.848 INFO [Thread-4] org.apache.coyote.AbstractProtocol.pause Pausing ProtocolHandler ["ajp-nio-8009"]
09-Dec-2019 22:57:33.857 INFO [Thread-4] org.apache.catalina.core.StandardService.stopInternal Stopping service [Catalina]
09-Dec-2019 22:57:33.906 INFO [Thread-4] org.apache.coyote.AbstractProtocol.stop Stopping ProtocolHandler ["http-nio-9999"]
09-Dec-2019 22:57:33.912 INFO [Thread-4] org.apache.coyote.AbstractProtocol.stop Stopping ProtocolHandler ["ajp-nio-8009"]
09-Dec-2019 22:57:33.916 INFO [Thread-4] org.apache.coyote.AbstractProtocol.destroy Destroying ProtocolHandler ["http-nio-9999"]
09-Dec-2019 22:57:33.917 INFO [Thread-4] org.apache.coyote.AbstractProtocol.destroy Destroying ProtocolHandler ["ajp-nio-8009"]
09-Dec-2019 22:57:35.745 INFO [main] org.apache.catalina.startup.VersionLoggerListener.log Server version name:   Apache Tomcat/9.0.29
09-Dec-2019 22:57:35.749 INFO [main] org.apache.catalina.startup.VersionLoggerListener.log Server built:          Nov 16 2019 17:29:07 UTC
09-Dec-2019 22:57:35.749 INFO [main] org.apache.catalina.startup.VersionLoggerListener.log Server version number: 9.0.29.0
09-Dec-2019 22:57:35.749 INFO [main] org.apache.catalina.startup.VersionLoggerListener.log OS Name:               Mac OS X
09-Dec-2019 22:57:35.749 INFO [main] org.apache.catalina.startup.VersionLoggerListener.log OS Version:            10.15.1
09-Dec-2019 22:57:35.749 INFO [main] org.apache.catalina.startup.VersionLoggerListener.log Architecture:          x86_64
09-Dec-2019 22:57:35.749 INFO [main] org.apache.catalina.startup.VersionLoggerListener.log Java Home:             /Library/Java/JavaVirtualMachines/openjdk-11.0.2.jdk/Contents/Home
09-Dec-2019 22:57:35.749 INFO [main] org.apache.catalina.startup.VersionLoggerListener.log JVM Version:           11.0.2+9
09-Dec-2019 22:57:35.750 INFO [main] org.apache.catalina.startup.VersionLoggerListener.log JVM Vendor:            Oracle Corporation
09-Dec-2019 22:57:35.750 INFO [main] org.apache.catalina.startup.VersionLoggerListener.log CATALINA_BASE:         /Users/weitingtan/Documents/DB_Project/tomcat
09-Dec-2019 22:57:35.750 INFO [main] org.apache.catalina.startup.VersionLoggerListener.log CATALINA_HOME:         /Users/weitingtan/Documents/DB_Project/tomcat
09-Dec-2019 22:57:35.763 INFO [main] org.apache.catalina.startup.VersionLoggerListener.log Command line argument: --add-opens=java.base/java.lang=ALL-UNNAMED
09-Dec-2019 22:57:35.763 INFO [main] org.apache.catalina.startup.VersionLoggerListener.log Command line argument: --add-opens=java.base/java.io=ALL-UNNAMED
09-Dec-2019 22:57:35.763 INFO [main] org.apache.catalina.startup.VersionLoggerListener.log Command line argument: --add-opens=java.rmi/sun.rmi.transport=ALL-UNNAMED
09-Dec-2019 22:57:35.763 INFO [main] org.apache.catalina.startup.VersionLoggerListener.log Command line argument: -Djava.util.logging.config.file=/Users/weitingtan/Documents/DB_Project/tomcat/conf/logging.properties
09-Dec-2019 22:57:35.764 INFO [main] org.apache.catalina.startup.VersionLoggerListener.log Command line argument: -Djava.util.logging.manager=org.apache.juli.ClassLoaderLogManager
09-Dec-2019 22:57:35.764 INFO [main] org.apache.catalina.startup.VersionLoggerListener.log Command line argument: -Djdk.tls.ephemeralDHKeySize=2048
09-Dec-2019 22:57:35.764 INFO [main] org.apache.catalina.startup.VersionLoggerListener.log Command line argument: -Djava.protocol.handler.pkgs=org.apache.catalina.webresources
09-Dec-2019 22:57:35.764 INFO [main] org.apache.catalina.startup.VersionLoggerListener.log Command line argument: -Dorg.apache.catalina.security.SecurityListener.UMASK=0027
09-Dec-2019 22:57:35.764 INFO [main] org.apache.catalina.startup.VersionLoggerListener.log Command line argument: -Dignore.endorsed.dirs=
09-Dec-2019 22:57:35.765 INFO [main] org.apache.catalina.startup.VersionLoggerListener.log Command line argument: -Dcatalina.base=/Users/weitingtan/Documents/DB_Project/tomcat
09-Dec-2019 22:57:35.765 INFO [main] org.apache.catalina.startup.VersionLoggerListener.log Command line argument: -Dcatalina.home=/Users/weitingtan/Documents/DB_Project/tomcat
09-Dec-2019 22:57:35.765 INFO [main] org.apache.catalina.startup.VersionLoggerListener.log Command line argument: -Djava.io.tmpdir=/Users/weitingtan/Documents/DB_Project/tomcat/temp
09-Dec-2019 22:57:35.765 INFO [main] org.apache.catalina.core.AprLifecycleListener.lifecycleEvent The APR based Apache Tomcat Native library which allows optimal performance in production environments was not found on the java.library.path: [/Users/weitingtan/Library/Java/Extensions:/Library/Java/Extensions:/Network/Library/Java/Extensions:/System/Library/Java/Extensions:/usr/lib/java:.]
09-Dec-2019 22:57:36.005 INFO [main] org.apache.coyote.AbstractProtocol.init Initializing ProtocolHandler ["http-nio-9999"]
09-Dec-2019 22:57:36.034 INFO [main] org.apache.coyote.AbstractProtocol.init Initializing ProtocolHandler ["ajp-nio-8009"]
09-Dec-2019 22:57:36.035 INFO [main] org.apache.catalina.startup.Catalina.load Server initialization in [482] milliseconds
09-Dec-2019 22:57:36.078 INFO [main] org.apache.catalina.core.StandardService.startInternal Starting service [Catalina]
09-Dec-2019 22:57:36.078 INFO [main] org.apache.catalina.core.StandardEngine.startInternal Starting Servlet engine: [Apache Tomcat/9.0.29]
09-Dec-2019 22:57:36.084 INFO [main] org.apache.catalina.startup.HostConfig.deployDirectory Deploying web application directory [/Users/weitingtan/Documents/DB_Project/tomcat/webapps/docs]
09-Dec-2019 22:57:36.380 INFO [main] org.apache.jasper.servlet.TldScanner.scanJars At least one JAR was scanned for TLDs yet contained no TLDs. Enable debug logging for this logger for a complete list of JARs that were scanned but no TLDs were found in them. Skipping unneeded JARs during scanning can improve startup time and JSP compilation time.
09-Dec-2019 22:57:36.418 INFO [main] org.apache.catalina.startup.HostConfig.deployDirectory Deployment of web application directory [/Users/weitingtan/Documents/DB_Project/tomcat/webapps/docs] has finished in [333] ms
09-Dec-2019 22:57:36.418 INFO [main] org.apache.catalina.startup.HostConfig.deployDirectory Deploying web application directory [/Users/weitingtan/Documents/DB_Project/tomcat/webapps/manager]
09-Dec-2019 22:57:36.550 INFO [main] org.apache.jasper.servlet.TldScanner.scanJars At least one JAR was scanned for TLDs yet contained no TLDs. Enable debug logging for this logger for a complete list of JARs that were scanned but no TLDs were found in them. Skipping unneeded JARs during scanning can improve startup time and JSP compilation time.
09-Dec-2019 22:57:36.555 INFO [main] org.apache.catalina.startup.HostConfig.deployDirectory Deployment of web application directory [/Users/weitingtan/Documents/DB_Project/tomcat/webapps/manager] has finished in [137] ms
09-Dec-2019 22:57:36.555 INFO [main] org.apache.catalina.startup.HostConfig.deployDirectory Deploying web application directory [/Users/weitingtan/Documents/DB_Project/tomcat/webapps/examples]
09-Dec-2019 22:57:36.835 INFO [main] org.apache.jasper.servlet.TldScanner.scanJars At least one JAR was scanned for TLDs yet contained no TLDs. Enable debug logging for this logger for a complete list of JARs that were scanned but no TLDs were found in them. Skipping unneeded JARs during scanning can improve startup time and JSP compilation time.
09-Dec-2019 22:57:36.852 INFO [main] org.apache.catalina.startup.HostConfig.deployDirectory Deployment of web application directory [/Users/weitingtan/Documents/DB_Project/tomcat/webapps/examples] has finished in [297] ms
09-Dec-2019 22:57:36.852 INFO [main] org.apache.catalina.startup.HostConfig.deployDirectory Deploying web application directory [/Users/weitingtan/Documents/DB_Project/tomcat/webapps/ROOT]
09-Dec-2019 22:57:36.949 INFO [main] org.apache.jasper.servlet.TldScanner.scanJars At least one JAR was scanned for TLDs yet contained no TLDs. Enable debug logging for this logger for a complete list of JARs that were scanned but no TLDs were found in them. Skipping unneeded JARs during scanning can improve startup time and JSP compilation time.
09-Dec-2019 22:57:36.950 INFO [main] org.apache.catalina.startup.HostConfig.deployDirectory Deployment of web application directory [/Users/weitingtan/Documents/DB_Project/tomcat/webapps/ROOT] has finished in [98] ms
09-Dec-2019 22:57:36.950 INFO [main] org.apache.catalina.startup.HostConfig.deployDirectory Deploying web application directory [/Users/weitingtan/Documents/DB_Project/tomcat/webapps/hello]
09-Dec-2019 22:57:37.044 INFO [main] org.apache.jasper.servlet.TldScanner.scanJars At least one JAR was scanned for TLDs yet contained no TLDs. Enable debug logging for this logger for a complete list of JARs that were scanned but no TLDs were found in them. Skipping unneeded JARs during scanning can improve startup time and JSP compilation time.
09-Dec-2019 22:57:37.049 INFO [main] org.apache.catalina.startup.HostConfig.deployDirectory Deployment of web application directory [/Users/weitingtan/Documents/DB_Project/tomcat/webapps/hello] has finished in [99] ms
09-Dec-2019 22:57:37.049 INFO [main] org.apache.catalina.startup.HostConfig.deployDirectory Deploying web application directory [/Users/weitingtan/Documents/DB_Project/tomcat/webapps/host-manager]
09-Dec-2019 22:57:37.130 INFO [main] org.apache.jasper.servlet.TldScanner.scanJars At least one JAR was scanned for TLDs yet contained no TLDs. Enable debug logging for this logger for a complete list of JARs that were scanned but no TLDs were found in them. Skipping unneeded JARs during scanning can improve startup time and JSP compilation time.
09-Dec-2019 22:57:37.132 INFO [main] org.apache.catalina.startup.HostConfig.deployDirectory Deployment of web application directory [/Users/weitingtan/Documents/DB_Project/tomcat/webapps/host-manager] has finished in [83] ms
09-Dec-2019 22:57:37.136 INFO [main] org.apache.coyote.AbstractProtocol.start Starting ProtocolHandler ["http-nio-9999"]
09-Dec-2019 22:57:37.142 INFO [main] org.apache.coyote.AbstractProtocol.start Starting ProtocolHandler ["ajp-nio-8009"]
09-Dec-2019 22:57:37.144 INFO [main] org.apache.catalina.startup.Catalina.start Server startup in [1,108] milliseconds
09-Dec-2019 23:02:06.850 INFO [Thread-4] org.apache.coyote.AbstractProtocol.pause Pausing ProtocolHandler ["http-nio-9999"]
09-Dec-2019 23:02:06.859 INFO [Thread-4] org.apache.coyote.AbstractProtocol.pause Pausing ProtocolHandler ["ajp-nio-8009"]
09-Dec-2019 23:02:06.867 INFO [Thread-4] org.apache.catalina.core.StandardService.stopInternal Stopping service [Catalina]
09-Dec-2019 23:02:06.911 INFO [Thread-4] org.apache.coyote.AbstractProtocol.stop Stopping ProtocolHandler ["http-nio-9999"]
09-Dec-2019 23:02:06.915 INFO [Thread-4] org.apache.coyote.AbstractProtocol.stop Stopping ProtocolHandler ["ajp-nio-8009"]
09-Dec-2019 23:02:06.921 INFO [Thread-4] org.apache.coyote.AbstractProtocol.destroy Destroying ProtocolHandler ["http-nio-9999"]
09-Dec-2019 23:02:06.922 INFO [Thread-4] org.apache.coyote.AbstractProtocol.destroy Destroying ProtocolHandler ["ajp-nio-8009"]
09-Dec-2019 23:02:08.558 INFO [main] org.apache.catalina.startup.VersionLoggerListener.log Server version name:   Apache Tomcat/9.0.29
09-Dec-2019 23:02:08.561 INFO [main] org.apache.catalina.startup.VersionLoggerListener.log Server built:          Nov 16 2019 17:29:07 UTC
09-Dec-2019 23:02:08.562 INFO [main] org.apache.catalina.startup.VersionLoggerListener.log Server version number: 9.0.29.0
09-Dec-2019 23:02:08.562 INFO [main] org.apache.catalina.startup.VersionLoggerListener.log OS Name:               Mac OS X
09-Dec-2019 23:02:08.562 INFO [main] org.apache.catalina.startup.VersionLoggerListener.log OS Version:            10.15.1
09-Dec-2019 23:02:08.562 INFO [main] org.apache.catalina.startup.VersionLoggerListener.log Architecture:          x86_64
09-Dec-2019 23:02:08.562 INFO [main] org.apache.catalina.startup.VersionLoggerListener.log Java Home:             /Library/Java/JavaVirtualMachines/openjdk-11.0.2.jdk/Contents/Home
09-Dec-2019 23:02:08.562 INFO [main] org.apache.catalina.startup.VersionLoggerListener.log JVM Version:           11.0.2+9
09-Dec-2019 23:02:08.563 INFO [main] org.apache.catalina.startup.VersionLoggerListener.log JVM Vendor:            Oracle Corporation
09-Dec-2019 23:02:08.563 INFO [main] org.apache.catalina.startup.VersionLoggerListener.log CATALINA_BASE:         /Users/weitingtan/Documents/DB_Project/tomcat
09-Dec-2019 23:02:08.563 INFO [main] org.apache.catalina.startup.VersionLoggerListener.log CATALINA_HOME:         /Users/weitingtan/Documents/DB_Project/tomcat
09-Dec-2019 23:02:08.575 INFO [main] org.apache.catalina.startup.VersionLoggerListener.log Command line argument: --add-opens=java.base/java.lang=ALL-UNNAMED
09-Dec-2019 23:02:08.575 INFO [main] org.apache.catalina.startup.VersionLoggerListener.log Command line argument: --add-opens=java.base/java.io=ALL-UNNAMED
09-Dec-2019 23:02:08.575 INFO [main] org.apache.catalina.startup.VersionLoggerListener.log Command line argument: --add-opens=java.rmi/sun.rmi.transport=ALL-UNNAMED
09-Dec-2019 23:02:08.575 INFO [main] org.apache.catalina.startup.VersionLoggerListener.log Command line argument: -Djava.util.logging.config.file=/Users/weitingtan/Documents/DB_Project/tomcat/conf/logging.properties
09-Dec-2019 23:02:08.575 INFO [main] org.apache.catalina.startup.VersionLoggerListener.log Command line argument: -Djava.util.logging.manager=org.apache.juli.ClassLoaderLogManager
09-Dec-2019 23:02:08.575 INFO [main] org.apache.catalina.startup.VersionLoggerListener.log Command line argument: -Djdk.tls.ephemeralDHKeySize=2048
09-Dec-2019 23:02:08.576 INFO [main] org.apache.catalina.startup.VersionLoggerListener.log Command line argument: -Djava.protocol.handler.pkgs=org.apache.catalina.webresources
09-Dec-2019 23:02:08.576 INFO [main] org.apache.catalina.startup.VersionLoggerListener.log Command line argument: -Dorg.apache.catalina.security.SecurityListener.UMASK=0027
09-Dec-2019 23:02:08.576 INFO [main] org.apache.catalina.startup.VersionLoggerListener.log Command line argument: -Dignore.endorsed.dirs=
09-Dec-2019 23:02:08.576 INFO [main] org.apache.catalina.startup.VersionLoggerListener.log Command line argument: -Dcatalina.base=/Users/weitingtan/Documents/DB_Project/tomcat
09-Dec-2019 23:02:08.576 INFO [main] org.apache.catalina.startup.VersionLoggerListener.log Command line argument: -Dcatalina.home=/Users/weitingtan/Documents/DB_Project/tomcat
09-Dec-2019 23:02:08.576 INFO [main] org.apache.catalina.startup.VersionLoggerListener.log Command line argument: -Djava.io.tmpdir=/Users/weitingtan/Documents/DB_Project/tomcat/temp
09-Dec-2019 23:02:08.576 INFO [main] org.apache.catalina.core.AprLifecycleListener.lifecycleEvent The APR based Apache Tomcat Native library which allows optimal performance in production environments was not found on the java.library.path: [/Users/weitingtan/Library/Java/Extensions:/Library/Java/Extensions:/Network/Library/Java/Extensions:/System/Library/Java/Extensions:/usr/lib/java:.]
09-Dec-2019 23:02:08.824 INFO [main] org.apache.coyote.AbstractProtocol.init Initializing ProtocolHandler ["http-nio-9999"]
09-Dec-2019 23:02:08.855 INFO [main] org.apache.coyote.AbstractProtocol.init Initializing ProtocolHandler ["ajp-nio-8009"]
09-Dec-2019 23:02:08.857 INFO [main] org.apache.catalina.startup.Catalina.load Server initialization in [498] milliseconds
09-Dec-2019 23:02:08.902 INFO [main] org.apache.catalina.core.StandardService.startInternal Starting service [Catalina]
09-Dec-2019 23:02:08.903 INFO [main] org.apache.catalina.core.StandardEngine.startInternal Starting Servlet engine: [Apache Tomcat/9.0.29]
09-Dec-2019 23:02:08.909 INFO [main] org.apache.catalina.startup.HostConfig.deployDirectory Deploying web application directory [/Users/weitingtan/Documents/DB_Project/tomcat/webapps/docs]
09-Dec-2019 23:02:09.214 INFO [main] org.apache.jasper.servlet.TldScanner.scanJars At least one JAR was scanned for TLDs yet contained no TLDs. Enable debug logging for this logger for a complete list of JARs that were scanned but no TLDs were found in them. Skipping unneeded JARs during scanning can improve startup time and JSP compilation time.
09-Dec-2019 23:02:09.253 INFO [main] org.apache.catalina.startup.HostConfig.deployDirectory Deployment of web application directory [/Users/weitingtan/Documents/DB_Project/tomcat/webapps/docs] has finished in [344] ms
09-Dec-2019 23:02:09.253 INFO [main] org.apache.catalina.startup.HostConfig.deployDirectory Deploying web application directory [/Users/weitingtan/Documents/DB_Project/tomcat/webapps/manager]
09-Dec-2019 23:02:09.402 INFO [main] org.apache.jasper.servlet.TldScanner.scanJars At least one JAR was scanned for TLDs yet contained no TLDs. Enable debug logging for this logger for a complete list of JARs that were scanned but no TLDs were found in them. Skipping unneeded JARs during scanning can improve startup time and JSP compilation time.
09-Dec-2019 23:02:09.408 INFO [main] org.apache.catalina.startup.HostConfig.deployDirectory Deployment of web application directory [/Users/weitingtan/Documents/DB_Project/tomcat/webapps/manager] has finished in [154] ms
09-Dec-2019 23:02:09.408 INFO [main] org.apache.catalina.startup.HostConfig.deployDirectory Deploying web application directory [/Users/weitingtan/Documents/DB_Project/tomcat/webapps/examples]
09-Dec-2019 23:02:09.691 INFO [main] org.apache.jasper.servlet.TldScanner.scanJars At least one JAR was scanned for TLDs yet contained no TLDs. Enable debug logging for this logger for a complete list of JARs that were scanned but no TLDs were found in them. Skipping unneeded JARs during scanning can improve startup time and JSP compilation time.
09-Dec-2019 23:02:09.706 INFO [main] org.apache.catalina.startup.HostConfig.deployDirectory Deployment of web application directory [/Users/weitingtan/Documents/DB_Project/tomcat/webapps/examples] has finished in [298] ms
09-Dec-2019 23:02:09.707 INFO [main] org.apache.catalina.startup.HostConfig.deployDirectory Deploying web application directory [/Users/weitingtan/Documents/DB_Project/tomcat/webapps/ROOT]
09-Dec-2019 23:02:09.801 INFO [main] org.apache.jasper.servlet.TldScanner.scanJars At least one JAR was scanned for TLDs yet contained no TLDs. Enable debug logging for this logger for a complete list of JARs that were scanned but no TLDs were found in them. Skipping unneeded JARs during scanning can improve startup time and JSP compilation time.
09-Dec-2019 23:02:09.802 INFO [main] org.apache.catalina.startup.HostConfig.deployDirectory Deployment of web application directory [/Users/weitingtan/Documents/DB_Project/tomcat/webapps/ROOT] has finished in [96] ms
09-Dec-2019 23:02:09.802 INFO [main] org.apache.catalina.startup.HostConfig.deployDirectory Deploying web application directory [/Users/weitingtan/Documents/DB_Project/tomcat/webapps/hello]
09-Dec-2019 23:02:09.893 INFO [main] org.apache.jasper.servlet.TldScanner.scanJars At least one JAR was scanned for TLDs yet contained no TLDs. Enable debug logging for this logger for a complete list of JARs that were scanned but no TLDs were found in them. Skipping unneeded JARs during scanning can improve startup time and JSP compilation time.
09-Dec-2019 23:02:09.898 INFO [main] org.apache.catalina.startup.HostConfig.deployDirectory Deployment of web application directory [/Users/weitingtan/Documents/DB_Project/tomcat/webapps/hello] has finished in [96] ms
09-Dec-2019 23:02:09.898 INFO [main] org.apache.catalina.startup.HostConfig.deployDirectory Deploying web application directory [/Users/weitingtan/Documents/DB_Project/tomcat/webapps/host-manager]
09-Dec-2019 23:02:09.977 INFO [main] org.apache.jasper.servlet.TldScanner.scanJars At least one JAR was scanned for TLDs yet contained no TLDs. Enable debug logging for this logger for a complete list of JARs that were scanned but no TLDs were found in them. Skipping unneeded JARs during scanning can improve startup time and JSP compilation time.
09-Dec-2019 23:02:09.979 INFO [main] org.apache.catalina.startup.HostConfig.deployDirectory Deployment of web application directory [/Users/weitingtan/Documents/DB_Project/tomcat/webapps/host-manager] has finished in [80] ms
09-Dec-2019 23:02:09.983 INFO [main] org.apache.coyote.AbstractProtocol.start Starting ProtocolHandler ["http-nio-9999"]
09-Dec-2019 23:02:09.989 INFO [main] org.apache.coyote.AbstractProtocol.start Starting ProtocolHandler ["ajp-nio-8009"]
09-Dec-2019 23:02:09.991 INFO [main] org.apache.catalina.startup.Catalina.start Server startup in [1,133] milliseconds
09-Dec-2019 23:02:50.031 INFO [Catalina-utility-1] org.apache.catalina.core.StandardContext.reload Reloading Context with name [/hello] has started
09-Dec-2019 23:02:50.140 INFO [Catalina-utility-1] org.apache.jasper.servlet.TldScanner.scanJars At least one JAR was scanned for TLDs yet contained no TLDs. Enable debug logging for this logger for a complete list of JARs that were scanned but no TLDs were found in them. Skipping unneeded JARs during scanning can improve startup time and JSP compilation time.
09-Dec-2019 23:02:50.142 INFO [Catalina-utility-1] org.apache.catalina.core.StandardContext.reload Reloading Context with name [/hello] is completed
